# JRE version: Java(TM) SE Runtime Environment (8.0_45-b14) (build 1.8.0_45-b14)
# Java VM: Java HotSpot(TM) 64-Bit Server VM (25.45-b02 mixed mode windows-amd64 compressed oops)
Heap:
 PSYoungGen      total 57344K, used 27938K [0x0000000780400000, 0x0000000784400000, 0x00000007c0000000)
  eden space 49152K, 44% used [0x0000000780400000,0x0000000781964558,0x0000000783400000)
  from space 8192K, 73% used [0x0000000783400000,0x00000007839e44c0,0x0000000783c00000)
  to   space 8192K, 0% used [0x0000000783c00000,0x0000000783c00000,0x0000000784400000)
 ParOldGen       total 131072K, used 12247K [0x0000000700c00000, 0x0000000708c00000, 0x0000000780400000)
  object space 131072K, 9% used [0x0000000700c00000,0x00000007017f5c70,0x0000000708c00000)
 Metaspace       used 13580K, capacity 13772K, committed 13824K, reserved 1060864K
  class space    used 1666K, capacity 1751K, committed 1792K, reserved 1048576K
GC Heap History (6 events):
Event: 17.231 GC heap before
{Heap before GC invocations=1 (full 0):
 PSYoungGen      total 57344K, used 49152K [0x0000000780400000, 0x0000000784400000, 0x00000007c0000000)
  eden space 49152K, 100% used [0x0000000780400000,0x0000000783400000,0x0000000783400000)
  from space 8192K, 0% used [0x0000000783c00000,0x0000000783c00000,0x0000000784400000)
  to   space 8192K, 0% used [0x0000000783400000,0x0000000783400000,0x0000000783c00000)
 ParOldGen       total 131072K, used 0K [0x0000000700c00000, 0x0000000708c00000, 0x0000000780400000)
  object space 131072K, 0% used [0x0000000700c00000,0x0000000700c00000,0x0000000708c00000)
 Metaspace       used 13361K, capacity 13644K, committed 13824K, reserved 1060864K
  class space    used 1652K, capacity 1751K, committed 1792K, reserved 1048576K
Event: 17.237 GC heap after
Heap after GC invocations=1 (full 0):
 PSYoungGen      total 57344K, used 7987K [0x0000000780400000, 0x0000000784400000, 0x00000007c0000000)
  eden space 49152K, 0% used [0x0000000780400000,0x0000000780400000,0x0000000783400000)
  from space 8192K, 97% used [0x0000000783400000,0x0000000783bccc90,0x0000000783c00000)
  to   space 8192K, 0% used [0x0000000783c00000,0x0000000783c00000,0x0000000784400000)
 ParOldGen       total 131072K, used 4906K [0x0000000700c00000, 0x0000000708c00000, 0x0000000780400000)
  object space 131072K, 3% used [0x0000000700c00000,0x00000007010cab60,0x0000000708c00000)
 Metaspace       used 13361K, capacity 13644K, committed 13824K, reserved 1060864K
  class space    used 1652K, capacity 1751K, committed 1792K, reserved 1048576K
}
Event: 26.456 GC heap before
{Heap before GC invocations=2 (full 0):
 PSYoungGen      total 57344K, used 57139K [0x0000000780400000, 0x0000000784400000, 0x00000007c0000000)
  eden space 49152K, 100% used [0x0000000780400000,0x0000000783400000,0x0000000783400000)
  from space 8192K, 97% used [0x0000000783400000,0x0000000783bccc90,0x0000000783c00000)
  to   space 8192K, 0% used [0x0000000783c00000,0x0000000783c00000,0x0000000784400000)
 ParOldGen       total 131072K, used 4906K [0x0000000700c00000, 0x0000000708c00000, 0x0000000780400000)
  object space 131072K, 3% used [0x0000000700c00000,0x00000007010cab60,0x0000000708c00000)
 Metaspace       used 13513K, capacity 13708K, committed 13824K, reserved 1060864K
  class space    used 1664K, capacity 1751K, committed 1792K, reserved 1048576K
Event: 26.462 GC heap after
Heap after GC invocations=2 (full 0):
 PSYoungGen      total 57344K, used 6530K [0x0000000780400000, 0x0000000784400000, 0x00000007c0000000)
  eden space 49152K, 0% used [0x0000000780400000,0x0000000780400000,0x0000000783400000)
  from space 8192K, 79% used [0x0000000783c00000,0x0000000784260900,0x0000000784400000)
  to   space 8192K, 0% used [0x0000000783400000,0x0000000783400000,0x0000000783c00000)
 ParOldGen       total 131072K, used 12239K [0x0000000700c00000, 0x0000000708c00000, 0x0000000780400000)
  object space 131072K, 9% used [0x0000000700c00000,0x00000007017f3c70,0x0000000708c00000)
 Metaspace       used 13513K, capacity 13708K, committed 13824K, reserved 1060864K
  class space    used 1664K, capacity 1751K, committed 1792K, reserved 1048576K
}
Event: 36.473 GC heap before
{Heap before GC invocations=3 (full 0):
 PSYoungGen      total 57344K, used 55682K [0x0000000780400000, 0x0000000784400000, 0x00000007c0000000)
  eden space 49152K, 100% used [0x0000000780400000,0x0000000783400000,0x0000000783400000)
  from space 8192K, 79% used [0x0000000783c00000,0x0000000784260900,0x0000000784400000)
  to   space 8192K, 0% used [0x0000000783400000,0x0000000783400000,0x0000000783c00000)
 ParOldGen       total 131072K, used 12239K [0x0000000700c00000, 0x0000000708c00000, 0x0000000780400000)
  object space 131072K, 9% used [0x0000000700c00000,0x00000007017f3c70,0x0000000708c00000)
 Metaspace       used 13516K, capacity 13772K, committed 13824K, reserved 1060864K
  class space    used 1665K, capacity 1751K, committed 1792K, reserved 1048576K
Event: 36.477 GC heap after
Heap after GC invocations=3 (full 0):
 PSYoungGen      total 57344K, used 6033K [0x0000000780400000, 0x0000000784400000, 0x00000007c0000000)
  eden space 49152K, 0% used [0x0000000780400000,0x0000000780400000,0x0000000783400000)
  from space 8192K, 73% used [0x0000000783400000,0x00000007839e44c0,0x0000000783c00000)
  to   space 8192K, 0% used [0x0000000783c00000,0x0000000783c00000,0x0000000784400000)
 ParOldGen       total 131072K, used 12247K [0x0000000700c00000, 0x0000000708c00000, 0x0000000780400000)
  object space 131072K, 9% used [0x0000000700c00000,0x00000007017f5c70,0x0000000708c00000)
 Metaspace       used 13516K, capacity 13772K, committed 13824K, reserved 1060864K
  class space    used 1665K, capacity 1751K, committed 1792K, reserved 1048576K
}

